<?xml version="1.0" encoding="UTF-8"?>
<!-- Generated by org.testng.reporters.JUnitReportReporter -->
<testsuite hostname="DESKTOP-DL1SV8R" failures="0" tests="1" name="Java.RestAssured.POJO_post" time="2.623" errors="0" timestamp="2023-07-24T21:09:55 IST" skipped="0">
  <testcase classname="Java.RestAssured.POJO_post" name="pojopost" time="2.623"/>
</testsuite> <!-- Java.RestAssured.POJO_post -->
