<?xml version="1.0" encoding="UTF-8"?>
<!-- Generated by org.testng.reporters.JUnitReportReporter -->
<testsuite hostname="DESKTOP-DL1SV8R" failures="0" tests="1" name="Java.RestAssured.put" time="2.033" errors="0" timestamp="2023-07-24T20:53:53 IST" skipped="0">
  <testcase classname="Java.RestAssured.put" name="posttest" time="2.033"/>
</testsuite> <!-- Java.RestAssured.put -->
